<?xml version="1.0" encoding="UTF-8"?>
<testsuite xmlns:xsi="http://www.w3.org/2001/XMLSchema-instance" xsi:noNamespaceSchemaLocation="https://maven.apache.org/surefire/maven-surefire-plugin/xsd/surefire-test-report-3.0.xsd" version="3.0" name="CalculatorTest" time="0.1" tests="6" errors="0" skipped="0" failures="0">
  <properties>
[...]
</properties>
  <testcase name="calculator_works_test1" classname="CalculatorTest" time="0.031"/>
  <testcase name="calculator_works_test2" classname="CalculatorTest" time="0.001"/>
  <testcase name="calculator_works_test3" classname="CalculatorTest" time="0.001"/>
  <testcase name="calculator_works(String)[1]" classname="CalculatorTest" time="0.02"/>
  <testcase name="calculator_works(String)[2]" classname="CalculatorTest" time="0.001"/>
  <testcase name="calculator_works(String)[3]" classname="CalculatorTest" time="0.001"/>
</testsuite>